<?xml version="1.0" encoding="UTF-8"?>
<!-- Generated by org.testng.reporters.JUnitXMLReporter -->
<testsuite ignored="1" hostname="Anish" failures="0" tests="6" name="Parallel Tests Edge(failed)" time="511.159" errors="0" timestamp="2024-06-12T12:43:40 IST">
  <testcase classname="com.stc.test.GetNewLine_Guest2" name="SC_20_Guest_Mobile_PostPaidScenario" time="54.147"/>
  <testcase classname="com.stc.test.DashboardUsageTest" name="SC_02_PrepaidBalanceRecharge" time="91.251"/>
  <testcase classname="com.stc.test.DashboardUsageTest" name="SC_03_myBill" time="21.453"/>
  <testcase classname="com.stc.test.DashboardTest" name="SC_01_PayAdvanceScenario" time="195.725"/>
  <testcase classname="com.stc.test.guestTest" name="SC_12_QuickPayScenario" time="48.356"/>
  <testcase classname="com.stc.test.guestTest" name="SC_13_AddCardScenario" time="67.178"/>
  <testcase classname="com.stc.test.guestTest" name="eStore" time="0.0">
    <ignored/>
  </testcase> <!-- eStore -->
</testsuite> <!-- Parallel Tests Edge(failed) -->
